<?xml version="1.0" encoding="UTF-8"?>
<testsuite xmlns:xsi="http://www.w3.org/2001/XMLSchema-instance" xsi:noNamespaceSchemaLocation="https://maven.apache.org/surefire/maven-surefire-plugin/xsd/surefire-test-report.xsd" name="MyCalcTests" time="0.869" tests="6" errors="0" skipped="3" failures="3">
  <properties>
[...]
</properties>
  <testcase name="testAdd" classname="MyCalcTests" time="0">
    <skipped message="void MyCalcTests.testAdd() is @Disabled"/>
    <system-out><![CDATA[14:24:33,489 |-INFO in ch.qos.logback.classic.LoggerContext[default] - Found resource [logback-test.xml] at [file:/C:/Users/Akhodyrev/Documents/prj/gb-automate-web/lesson-04/gb-webui/target/test-classes/logback-test.xml]
14:24:33,682 |-INFO in ch.qos.logback.classic.joran.action.ConfigurationAction - debug attribute not set
14:24:33,684 |-INFO in ch.qos.logback.core.joran.action.AppenderAction - About to instantiate appender of type [ch.qos.logback.core.ConsoleAppender]
14:24:33,703 |-INFO in ch.qos.logback.core.joran.action.AppenderAction - Naming appender as [CONSOLE]
14:24:33,798 |-WARN in ch.qos.logback.core.ConsoleAppender[CONSOLE] - This appender no longer admits a layout as a sub-component, set an encoder instead.
14:24:33,798 |-WARN in ch.qos.logback.core.ConsoleAppender[CONSOLE] - To ensure compatibility, wrapping your layout in LayoutWrappingEncoder.
14:24:33,798 |-WARN in ch.qos.logback.core.ConsoleAppender[CONSOLE] - See also http://logback.qos.ch/codes.html#layoutInsteadOfEncoder for details
14:24:33,799 |-INFO in ch.qos.logback.classic.joran.action.RootLoggerAction - Setting level of ROOT logger to INFO
14:24:33,799 |-INFO in ch.qos.logback.core.joran.action.AppenderRefAction - Attaching appender named [CONSOLE] to Logger[ROOT]
14:24:33,800 |-INFO in ch.qos.logback.classic.joran.action.ConfigurationAction - End of configuration.
14:24:33,802 |-INFO in ch.qos.logback.classic.joran.JoranConfigurator@44a7bfbc - Registering current configuration as safe fallback point

14:24:33.813 [main]  INFO  MyCalcTests - 	BEFORE ALL TESTS =>
]]></system-out>
  </testcase>
  <testcase name="testDiv{int[]}[1]" classname="MyCalcTests" time="0.154">
    <failure message="expected: &lt;-2.0&gt; but was: &lt;0.0&gt;" type="org.opentest4j.AssertionFailedError"><![CDATA[org.opentest4j.AssertionFailedError: expected: <-2.0> but was: <0.0>
	at MyCalcTests.testDiv(MyCalcTests.java:105)
]]></failure>
    <system-out><![CDATA[14:24:33.925 [main]  INFO  MyCalcTests - 			START WORK intProvider
14:24:33.933 [main]  INFO  MyCalcTests - xx: 1
14:24:33.933 [main]  INFO  MyCalcTests - xx: 3
14:24:33.933 [main]  INFO  MyCalcTests - xx: 2
14:24:33.934 [main]  INFO  MyCalcTests - xx: 5
14:24:33.934 [main]  INFO  MyCalcTests - xx: 3
14:24:33.934 [main]  INFO  MyCalcTests - xx: 7
14:24:33.934 [main]  INFO  MyCalcTests - 			END WORK intProvider
14:24:33.981 [main]  INFO  MyCalcTests - 		BEFORE ONE TEST
14:24:34.045 [main]  INFO  MyCalcTests - 			START WORK TEST
14:24:34.047 [main]  INFO  MyCalcTests - 			vars: [I@7d4f9aae
14:24:34.047 [main]  INFO  MyCalcTests - x: 1
14:24:34.048 [main]  INFO  MyCalcTests - x: 1
14:24:34.048 [main]  INFO  MyCalcTests - x: 3
14:24:34.048 [main]  INFO  MyCalcTests - x: 3
14:24:34.093 [main]  INFO  MyCalcTests - 		AFTER ONE TEST
]]></system-out>
  </testcase>
  <testcase name="testDiv{int[]}[2]" classname="MyCalcTests" time="0.018">
    <failure message="expected: &lt;-3.0&gt; but was: &lt;0.0&gt;" type="org.opentest4j.AssertionFailedError"><![CDATA[org.opentest4j.AssertionFailedError: expected: <-3.0> but was: <0.0>
	at MyCalcTests.testDiv(MyCalcTests.java:105)
]]></failure>
    <system-out><![CDATA[14:24:34.119 [main]  INFO  MyCalcTests - 		BEFORE ONE TEST
14:24:34.124 [main]  INFO  MyCalcTests - 			START WORK TEST
14:24:34.125 [main]  INFO  MyCalcTests - 			vars: [I@2a7f1f10
14:24:34.126 [main]  INFO  MyCalcTests - x: 2
14:24:34.128 [main]  INFO  MyCalcTests - x: 2
14:24:34.129 [main]  INFO  MyCalcTests - x: 5
14:24:34.129 [main]  INFO  MyCalcTests - x: 5
14:24:34.135 [main]  INFO  MyCalcTests - 		AFTER ONE TEST
]]></system-out>
  </testcase>
  <testcase name="testDiv{int[]}[3]" classname="MyCalcTests" time="0.011">
    <failure message="expected: &lt;-4.0&gt; but was: &lt;0.0&gt;" type="org.opentest4j.AssertionFailedError"><![CDATA[org.opentest4j.AssertionFailedError: expected: <-4.0> but was: <0.0>
	at MyCalcTests.testDiv(MyCalcTests.java:105)
]]></failure>
    <system-out><![CDATA[14:24:34.139 [main]  INFO  MyCalcTests - 		BEFORE ONE TEST
14:24:34.141 [main]  INFO  MyCalcTests - 			START WORK TEST
14:24:34.141 [main]  INFO  MyCalcTests - 			vars: [I@740cae06
14:24:34.141 [main]  INFO  MyCalcTests - x: 3
14:24:34.141 [main]  INFO  MyCalcTests - x: 3
14:24:34.142 [main]  INFO  MyCalcTests - x: 7
14:24:34.142 [main]  INFO  MyCalcTests - x: 7
14:24:34.145 [main]  INFO  MyCalcTests - 		AFTER ONE TEST
]]></system-out>
  </testcase>
  <testcase name="testSub{double}" classname="MyCalcTests" time="0">
    <skipped message="void MyCalcTests.testSub(double) is @Disabled"/>
  </testcase>
  <testcase name="testMult{int, int}" classname="MyCalcTests" time="0">
    <skipped message="void MyCalcTests.testMult(int,int) is @Disabled"/>
  </testcase>
</testsuite>